<?xml version="1.0" encoding="UTF-8"?>
<testng-results ignored="0" total="1" passed="1" failed="0" skipped="0">
  <reporter-output>
  </reporter-output>
  <suite started-at="2022-07-24T23:38:49 IST" name="Suite" finished-at="2022-07-24T23:39:17 IST" duration-ms="28063">
    <groups>
    </groups>
    <test started-at="2022-07-24T23:38:49 IST" name="Test" finished-at="2022-07-24T23:39:17 IST" duration-ms="28063">
      <class name="com.mystore.testcases.TC_MyAccountPage">
        <test-method is-config="true" signature="SetupLaunchBrowser()[pri:0, instance:com.mystore.testcases.TC_MyAccountPage@78b66d36]" started-at="2022-07-24T23:38:49 IST" name="SetupLaunchBrowser" finished-at="2022-07-24T23:38:53 IST" duration-ms="4706" status="PASS">
          <reporter-output>
          </reporter-output>
        </test-method> <!-- SetupLaunchBrowser -->
        <test-method signature="VerifyRegistrationAndLogin()[pri:0, instance:com.mystore.testcases.TC_MyAccountPage@78b66d36]" started-at="2022-07-24T23:38:53 IST" name="VerifyRegistrationAndLogin" finished-at="2022-07-24T23:39:17 IST" duration-ms="23128" status="PASS">
          <reporter-output>
          </reporter-output>
        </test-method> <!-- VerifyRegistrationAndLogin -->
        <test-method is-config="true" signature="tearDown()[pri:0, instance:com.mystore.testcases.TC_MyAccountPage@78b66d36]" started-at="2022-07-24T23:39:17 IST" name="tearDown" finished-at="2022-07-24T23:39:17 IST" duration-ms="193" status="PASS">
          <reporter-output>
          </reporter-output>
        </test-method> <!-- tearDown -->
      </class> <!-- com.mystore.testcases.TC_MyAccountPage -->
    </test> <!-- Test -->
  </suite> <!-- Suite -->
</testng-results>
